<?xml version="1.0" encoding="UTF-8"?>
<!-- Generated by org.testng.reporters.JUnitReportReporter -->
<testsuite hostname="LAPTOP-LH52QS4R" failures="0" tests="1" name="lookOverNasa.LookOverNasa" time="43.664" errors="0" timestamp="17 Aug 2022 11:48:18 GMT">
  <testcase classname="lookOverNasa.LookOverNasa" name="lookOverNasa" time="43.664"/>
</testsuite> <!-- lookOverNasa.LookOverNasa -->
