<?xml version="1.0" encoding="UTF-8"?>
<!-- Generated by org.testng.reporters.JUnitReportReporter -->
<testsuite hostname="LAPTOP-LH52QS4R" failures="0" tests="1" name="lookOverNasa.LookOverNasa" time="246.515" errors="0" timestamp="2022-08-18T08:37:35 AST" skipped="0">
  <testcase classname="lookOverNasa.LookOverNasa" name="lookOverNasa" time="246.515"/>
  <system-out/>
</testsuite> <!-- lookOverNasa.LookOverNasa -->
