<?xml version="1.0" encoding="UTF-8"?>
<!-- Generated by org.testng.reporters.JUnitReportReporter -->
<testsuite hostname="LAPTOP-LH52QS4R" failures="0" tests="1" name="lookOverNasa.LookOverNasa" time="105.517" errors="0" timestamp="2022-08-18T10:10:36 AST" skipped="0">
  <testcase classname="lookOverNasa.LookOverNasa" name="lookOverNasa" time="105.517"/>
  <system-out/>
</testsuite> <!-- lookOverNasa.LookOverNasa -->
